Vivado Simulator v2022.2
Copyright 1986-1999, 2001-2022 Xilinx, Inc. All Rights Reserved.
Running: C:/Xilinx/Vivado/2022.2/bin/unwrapped/win64.o/xelab.exe --incr --debug typical --relax --mt 2 -L xil_defaultlib -L unisims_ver -L unimacro_ver -L secureip --snapshot TestBench_behav xil_defaultlib.TestBench xil_defaultlib.glbl -log elaborate.log 
Using 2 slave threads.
Starting static elaboration
Pass Through NonSizing Optimizer
Completed static elaboration
Starting simulation data flow analysis
WARNING: [XSIM 43-4099] "C:/Users/User/Desktop/sophomore_2nd_semester/Computer Organization/homework/110550126_hw2/HW2/ALU.v" Line 2. Module ALU_default doesn't have a timescale but at least one module in design has a timescale.
WARNING: [XSIM 43-4099] "C:/Users/User/Desktop/sophomore_2nd_semester/Computer Organization/homework/110550126_hw2/HW2/ALU_1bit.v" Line 3. Module ALU_1bit doesn't have a timescale but at least one module in design has a timescale.
WARNING: [XSIM 43-4099] "C:/Users/User/Desktop/sophomore_2nd_semester/Computer Organization/homework/110550126_hw2/HW2/MUX.v" Line 1. Module MUX_1bit doesn't have a timescale but at least one module in design has a timescale.
WARNING: [XSIM 43-4099] "C:/Users/User/Desktop/sophomore_2nd_semester/Computer Organization/homework/110550126_hw2/HW2/MUX.v" Line 1. Module MUX_1bit doesn't have a timescale but at least one module in design has a timescale.
WARNING: [XSIM 43-4099] "C:/Users/User/Desktop/sophomore_2nd_semester/Computer Organization/homework/110550126_hw2/HW2/Full_adder.v" Line 1. Module Full_adder doesn't have a timescale but at least one module in design has a timescale.
WARNING: [XSIM 43-4099] "C:/Users/User/Desktop/sophomore_2nd_semester/Computer Organization/homework/110550126_hw2/HW2/MUX.v" Line 15. Module MUX_2bit doesn't have a timescale but at least one module in design has a timescale.
WARNING: [XSIM 43-4099] "C:/Users/User/Desktop/sophomore_2nd_semester/Computer Organization/homework/110550126_hw2/HW2/ALU_1bit.v" Line 3. Module ALU_1bit doesn't have a timescale but at least one module in design has a timescale.
WARNING: [XSIM 43-4099] "C:/Users/User/Desktop/sophomore_2nd_semester/Computer Organization/homework/110550126_hw2/HW2/MUX.v" Line 1. Module MUX_1bit doesn't have a timescale but at least one module in design has a timescale.
WARNING: [XSIM 43-4099] "C:/Users/User/Desktop/sophomore_2nd_semester/Computer Organization/homework/110550126_hw2/HW2/MUX.v" Line 1. Module MUX_1bit doesn't have a timescale but at least one module in design has a timescale.
WARNING: [XSIM 43-4099] "C:/Users/User/Desktop/sophomore_2nd_semester/Computer Organization/homework/110550126_hw2/HW2/Full_adder.v" Line 1. Module Full_adder doesn't have a timescale but at least one module in design has a timescale.
WARNING: [XSIM 43-4099] "C:/Users/User/Desktop/sophomore_2nd_semester/Computer Organization/homework/110550126_hw2/HW2/MUX.v" Line 15. Module MUX_2bit doesn't have a timescale but at least one module in design has a timescale.
WARNING: [XSIM 43-4099] "C:/Users/User/Desktop/sophomore_2nd_semester/Computer Organization/homework/110550126_hw2/HW2/ALU_1bit.v" Line 3. Module ALU_1bit doesn't have a timescale but at least one module in design has a timescale.
WARNING: [XSIM 43-4099] "C:/Users/User/Desktop/sophomore_2nd_semester/Computer Organization/homework/110550126_hw2/HW2/MUX.v" Line 1. Module MUX_1bit doesn't have a timescale but at least one module in design has a timescale.
WARNING: [XSIM 43-4099] "C:/Users/User/Desktop/sophomore_2nd_semester/Computer Organization/homework/110550126_hw2/HW2/MUX.v" Line 1. Module MUX_1bit doesn't have a timescale but at least one module in design has a timescale.
WARNING: [XSIM 43-4099] "C:/Users/User/Desktop/sophomore_2nd_semester/Computer Organization/homework/110550126_hw2/HW2/Full_adder.v" Line 1. Module Full_adder doesn't have a timescale but at least one module in design has a timescale.
WARNING: [XSIM 43-4099] "C:/Users/User/Desktop/sophomore_2nd_semester/Computer Organization/homework/110550126_hw2/HW2/MUX.v" Line 15. Module MUX_2bit doesn't have a timescale but at least one module in design has a timescale.
WARNING: [XSIM 43-4099] "C:/Users/User/Desktop/sophomore_2nd_semester/Computer Organization/homework/110550126_hw2/HW2/ALU_1bit.v" Line 3. Module ALU_1bit doesn't have a timescale but at least one module in design has a timescale.
WARNING: [XSIM 43-4099] "C:/Users/User/Desktop/sophomore_2nd_semester/Computer Organization/homework/110550126_hw2/HW2/MUX.v" Line 1. Module MUX_1bit doesn't have a timescale but at least one module in design has a timescale.
WARNING: [XSIM 43-4099] "C:/Users/User/Desktop/sophomore_2nd_semester/Computer Organization/homework/110550126_hw2/HW2/MUX.v" Line 1. Module MUX_1bit doesn't have a timescale but at least one module in design has a timescale.
WARNING: [XSIM 43-4099] "C:/Users/User/Desktop/sophomore_2nd_semester/Computer Organization/homework/110550126_hw2/HW2/Full_adder.v" Line 1. Module Full_adder doesn't have a timescale but at least one module in design has a timescale.
WARNING: [XSIM 43-4099] "C:/Users/User/Desktop/sophomore_2nd_semester/Computer Organization/homework/110550126_hw2/HW2/MUX.v" Line 15. Module MUX_2bit doesn't have a timescale but at least one module in design has a timescale.
WARNING: [XSIM 43-4099] "C:/Users/User/Desktop/sophomore_2nd_semester/Computer Organization/homework/110550126_hw2/HW2/ALU_1bit.v" Line 3. Module ALU_1bit doesn't have a timescale but at least one module in design has a timescale.
WARNING: [XSIM 43-4099] "C:/Users/User/Desktop/sophomore_2nd_semester/Computer Organization/homework/110550126_hw2/HW2/MUX.v" Line 1. Module MUX_1bit doesn't have a timescale but at least one module in design has a timescale.
WARNING: [XSIM 43-4099] "C:/Users/User/Desktop/sophomore_2nd_semester/Computer Organization/homework/110550126_hw2/HW2/MUX.v" Line 1. Module MUX_1bit doesn't have a timescale but at least one module in design has a timescale.
WARNING: [XSIM 43-4099] "C:/Users/User/Desktop/sophomore_2nd_semester/Computer Organization/homework/110550126_hw2/HW2/Full_adder.v" Line 1. Module Full_adder doesn't have a timescale but at least one module in design has a timescale.
WARNING: [XSIM 43-4099] "C:/Users/User/Desktop/sophomore_2nd_semester/Computer Organization/homework/110550126_hw2/HW2/MUX.v" Line 15. Module MUX_2bit doesn't have a timescale but at least one module in design has a timescale.
WARNING: [XSIM 43-4099] "C:/Users/User/Desktop/sophomore_2nd_semester/Computer Organization/homework/110550126_hw2/HW2/ALU_1bit.v" Line 3. Module ALU_1bit doesn't have a timescale but at least one module in design has a timescale.
WARNING: [XSIM 43-4099] "C:/Users/User/Desktop/sophomore_2nd_semester/Computer Organization/homework/110550126_hw2/HW2/MUX.v" Line 1. Module MUX_1bit doesn't have a timescale but at least one module in design has a timescale.
WARNING: [XSIM 43-4099] "C:/Users/User/Desktop/sophomore_2nd_semester/Computer Organization/homework/110550126_hw2/HW2/MUX.v" Line 1. Module MUX_1bit doesn't have a timescale but at least one module in design has a timescale.
WARNING: [XSIM 43-4099] "C:/Users/User/Desktop/sophomore_2nd_semester/Computer Organization/homework/110550126_hw2/HW2/Full_adder.v" Line 1. Module Full_adder doesn't have a timescale but at least one module in design has a timescale.
WARNING: [XSIM 43-4099] "C:/Users/User/Desktop/sophomore_2nd_semester/Computer Organization/homework/110550126_hw2/HW2/MUX.v" Line 15. Module MUX_2bit doesn't have a timescale but at least one module in design has a timescale.
WARNING: [XSIM 43-4099] "C:/Users/User/Desktop/sophomore_2nd_semester/Computer Organization/homework/110550126_hw2/HW2/ALU_1bit.v" Line 3. Module ALU_1bit doesn't have a timescale but at least one module in design has a timescale.
WARNING: [XSIM 43-4099] "C:/Users/User/Desktop/sophomore_2nd_semester/Computer Organization/homework/110550126_hw2/HW2/MUX.v" Line 1. Module MUX_1bit doesn't have a timescale but at least one module in design has a timescale.
WARNING: [XSIM 43-4099] "C:/Users/User/Desktop/sophomore_2nd_semester/Computer Organization/homework/110550126_hw2/HW2/MUX.v" Line 1. Module MUX_1bit doesn't have a timescale but at least one module in design has a timescale.
WARNING: [XSIM 43-4099] "C:/Users/User/Desktop/sophomore_2nd_semester/Computer Organization/homework/110550126_hw2/HW2/Full_adder.v" Line 1. Module Full_adder doesn't have a timescale but at least one module in design has a timescale.
WARNING: [XSIM 43-4099] "C:/Users/User/Desktop/sophomore_2nd_semester/Computer Organization/homework/110550126_hw2/HW2/MUX.v" Line 15. Module MUX_2bit doesn't have a timescale but at least one module in design has a timescale.
WARNING: [XSIM 43-4099] "C:/Users/User/Desktop/sophomore_2nd_semester/Computer Organization/homework/110550126_hw2/HW2/ALU_1bit.v" Line 3. Module ALU_1bit doesn't have a timescale but at least one module in design has a timescale.
WARNING: [XSIM 43-4099] "C:/Users/User/Desktop/sophomore_2nd_semester/Computer Organization/homework/110550126_hw2/HW2/MUX.v" Line 1. Module MUX_1bit doesn't have a timescale but at least one module in design has a timescale.
WARNING: [XSIM 43-4099] "C:/Users/User/Desktop/sophomore_2nd_semester/Computer Organization/homework/110550126_hw2/HW2/MUX.v" Line 1. Module MUX_1bit doesn't have a timescale but at least one module in design has a timescale.
WARNING: [XSIM 43-4099] "C:/Users/User/Desktop/sophomore_2nd_semester/Computer Organization/homework/110550126_hw2/HW2/Full_adder.v" Line 1. Module Full_adder doesn't have a timescale but at least one module in design has a timescale.
WARNING: [XSIM 43-4099] "C:/Users/User/Desktop/sophomore_2nd_semester/Computer Organization/homework/110550126_hw2/HW2/MUX.v" Line 15. Module MUX_2bit doesn't have a timescale but at least one module in design has a timescale.
WARNING: [XSIM 43-4099] "C:/Users/User/Desktop/sophomore_2nd_semester/Computer Organization/homework/110550126_hw2/HW2/ALU_1bit.v" Line 3. Module ALU_1bit doesn't have a timescale but at least one module in design has a timescale.
WARNING: [XSIM 43-4099] "C:/Users/User/Desktop/sophomore_2nd_semester/Computer Organization/homework/110550126_hw2/HW2/MUX.v" Line 1. Module MUX_1bit doesn't have a timescale but at least one module in design has a timescale.
WARNING: [XSIM 43-4099] "C:/Users/User/Desktop/sophomore_2nd_semester/Computer Organization/homework/110550126_hw2/HW2/MUX.v" Line 1. Module MUX_1bit doesn't have a timescale but at least one module in design has a timescale.
WARNING: [XSIM 43-4099] "C:/Users/User/Desktop/sophomore_2nd_semester/Computer Organization/homework/110550126_hw2/HW2/Full_adder.v" Line 1. Module Full_adder doesn't have a timescale but at least one module in design has a timescale.
WARNING: [XSIM 43-4099] "C:/Users/User/Desktop/sophomore_2nd_semester/Computer Organization/homework/110550126_hw2/HW2/MUX.v" Line 15. Module MUX_2bit doesn't have a timescale but at least one module in design has a timescale.
WARNING: [XSIM 43-4099] "C:/Users/User/Desktop/sophomore_2nd_semester/Computer Organization/homework/110550126_hw2/HW2/ALU_1bit.v" Line 3. Module ALU_1bit doesn't have a timescale but at least one module in design has a timescale.
WARNING: [XSIM 43-4099] "C:/Users/User/Desktop/sophomore_2nd_semester/Computer Organization/homework/110550126_hw2/HW2/MUX.v" Line 1. Module MUX_1bit doesn't have a timescale but at least one module in design has a timescale.
WARNING: [XSIM 43-4099] "C:/Users/User/Desktop/sophomore_2nd_semester/Computer Organization/homework/110550126_hw2/HW2/MUX.v" Line 1. Module MUX_1bit doesn't have a timescale but at least one module in design has a timescale.
WARNING: [XSIM 43-4099] "C:/Users/User/Desktop/sophomore_2nd_semester/Computer Organization/homework/110550126_hw2/HW2/Full_adder.v" Line 1. Module Full_adder doesn't have a timescale but at least one module in design has a timescale.
WARNING: [XSIM 43-4099] "C:/Users/User/Desktop/sophomore_2nd_semester/Computer Organization/homework/110550126_hw2/HW2/MUX.v" Line 15. Module MUX_2bit doesn't have a timescale but at least one module in design has a timescale.
WARNING: [XSIM 43-4099] "C:/Users/User/Desktop/sophomore_2nd_semester/Computer Organization/homework/110550126_hw2/HW2/ALU_1bit.v" Line 3. Module ALU_1bit doesn't have a timescale but at least one module in design has a timescale.
WARNING: [XSIM 43-4099] "C:/Users/User/Desktop/sophomore_2nd_semester/Computer Organization/homework/110550126_hw2/HW2/MUX.v" Line 1. Module MUX_1bit doesn't have a timescale but at least one module in design has a timescale.
WARNING: [XSIM 43-4099] "C:/Users/User/Desktop/sophomore_2nd_semester/Computer Organization/homework/110550126_hw2/HW2/MUX.v" Line 1. Module MUX_1bit doesn't have a timescale but at least one module in design has a timescale.
WARNING: [XSIM 43-4099] "C:/Users/User/Desktop/sophomore_2nd_semester/Computer Organization/homework/110550126_hw2/HW2/Full_adder.v" Line 1. Module Full_adder doesn't have a timescale but at least one module in design has a timescale.
WARNING: [XSIM 43-4099] "C:/Users/User/Desktop/sophomore_2nd_semester/Computer Organization/homework/110550126_hw2/HW2/MUX.v" Line 15. Module MUX_2bit doesn't have a timescale but at least one module in design has a timescale.
WARNING: [XSIM 43-4099] "C:/Users/User/Desktop/sophomore_2nd_semester/Computer Organization/homework/110550126_hw2/HW2/ALU_1bit.v" Line 3. Module ALU_1bit doesn't have a timescale but at least one module in design has a timescale.
WARNING: [XSIM 43-4099] "C:/Users/User/Desktop/sophomore_2nd_semester/Computer Organization/homework/110550126_hw2/HW2/MUX.v" Line 1. Module MUX_1bit doesn't have a timescale but at least one module in design has a timescale.
WARNING: [XSIM 43-4099] "C:/Users/User/Desktop/sophomore_2nd_semester/Computer Organization/homework/110550126_hw2/HW2/MUX.v" Line 1. Module MUX_1bit doesn't have a timescale but at least one module in design has a timescale.
WARNING: [XSIM 43-4099] "C:/Users/User/Desktop/sophomore_2nd_semester/Computer Organization/homework/110550126_hw2/HW2/Full_adder.v" Line 1. Module Full_adder doesn't have a timescale but at least one module in design has a timescale.
WARNING: [XSIM 43-4099] "C:/Users/User/Desktop/sophomore_2nd_semester/Computer Organization/homework/110550126_hw2/HW2/MUX.v" Line 15. Module MUX_2bit doesn't have a timescale but at least one module in design has a timescale.
WARNING: [XSIM 43-4099] "C:/Users/User/Desktop/sophomore_2nd_semester/Computer Organization/homework/110550126_hw2/HW2/ALU_1bit.v" Line 3. Module ALU_1bit doesn't have a timescale but at least one module in design has a timescale.
WARNING: [XSIM 43-4099] "C:/Users/User/Desktop/sophomore_2nd_semester/Computer Organization/homework/110550126_hw2/HW2/MUX.v" Line 1. Module MUX_1bit doesn't have a timescale but at least one module in design has a timescale.
WARNING: [XSIM 43-4099] "C:/Users/User/Desktop/sophomore_2nd_semester/Computer Organization/homework/110550126_hw2/HW2/MUX.v" Line 1. Module MUX_1bit doesn't have a timescale but at least one module in design has a timescale.
WARNING: [XSIM 43-4099] "C:/Users/User/Desktop/sophomore_2nd_semester/Computer Organization/homework/110550126_hw2/HW2/Full_adder.v" Line 1. Module Full_adder doesn't have a timescale but at least one module in design has a timescale.
WARNING: [XSIM 43-4099] "C:/Users/User/Desktop/sophomore_2nd_semester/Computer Organization/homework/110550126_hw2/HW2/MUX.v" Line 15. Module MUX_2bit doesn't have a timescale but at least one module in design has a timescale.
WARNING: [XSIM 43-4099] "C:/Users/User/Desktop/sophomore_2nd_semester/Computer Organization/homework/110550126_hw2/HW2/ALU_1bit.v" Line 3. Module ALU_1bit doesn't have a timescale but at least one module in design has a timescale.
WARNING: [XSIM 43-4099] "C:/Users/User/Desktop/sophomore_2nd_semester/Computer Organization/homework/110550126_hw2/HW2/MUX.v" Line 1. Module MUX_1bit doesn't have a timescale but at least one module in design has a timescale.
WARNING: [XSIM 43-4099] "C:/Users/User/Desktop/sophomore_2nd_semester/Computer Organization/homework/110550126_hw2/HW2/MUX.v" Line 1. Module MUX_1bit doesn't have a timescale but at least one module in design has a timescale.
WARNING: [XSIM 43-4099] "C:/Users/User/Desktop/sophomore_2nd_semester/Computer Organization/homework/110550126_hw2/HW2/Full_adder.v" Line 1. Module Full_adder doesn't have a timescale but at least one module in design has a timescale.
WARNING: [XSIM 43-4099] "C:/Users/User/Desktop/sophomore_2nd_semester/Computer Organization/homework/110550126_hw2/HW2/MUX.v" Line 15. Module MUX_2bit doesn't have a timescale but at least one module in design has a timescale.
WARNING: [XSIM 43-4099] "C:/Users/User/Desktop/sophomore_2nd_semester/Computer Organization/homework/110550126_hw2/HW2/ALU_1bit.v" Line 3. Module ALU_1bit doesn't have a timescale but at least one module in design has a timescale.
WARNING: [XSIM 43-4099] "C:/Users/User/Desktop/sophomore_2nd_semester/Computer Organization/homework/110550126_hw2/HW2/MUX.v" Line 1. Module MUX_1bit doesn't have a timescale but at least one module in design has a timescale.
WARNING: [XSIM 43-4099] "C:/Users/User/Desktop/sophomore_2nd_semester/Computer Organization/homework/110550126_hw2/HW2/MUX.v" Line 1. Module MUX_1bit doesn't have a timescale but at least one module in design has a timescale.
WARNING: [XSIM 43-4099] "C:/Users/User/Desktop/sophomore_2nd_semester/Computer Organization/homework/110550126_hw2/HW2/Full_adder.v" Line 1. Module Full_adder doesn't have a timescale but at least one module in design has a timescale.
WARNING: [XSIM 43-4099] "C:/Users/User/Desktop/sophomore_2nd_semester/Computer Organization/homework/110550126_hw2/HW2/MUX.v" Line 15. Module MUX_2bit doesn't have a timescale but at least one module in design has a timescale.
WARNING: [XSIM 43-4099] "C:/Users/User/Desktop/sophomore_2nd_semester/Computer Organization/homework/110550126_hw2/HW2/ALU_1bit.v" Line 3. Module ALU_1bit doesn't have a timescale but at least one module in design has a timescale.
WARNING: [XSIM 43-4099] "C:/Users/User/Desktop/sophomore_2nd_semester/Computer Organization/homework/110550126_hw2/HW2/MUX.v" Line 1. Module MUX_1bit doesn't have a timescale but at least one module in design has a timescale.
WARNING: [XSIM 43-4099] "C:/Users/User/Desktop/sophomore_2nd_semester/Computer Organization/homework/110550126_hw2/HW2/MUX.v" Line 1. Module MUX_1bit doesn't have a timescale but at least one module in design has a timescale.
WARNING: [XSIM 43-4099] "C:/Users/User/Desktop/sophomore_2nd_semester/Computer Organization/homework/110550126_hw2/HW2/Full_adder.v" Line 1. Module Full_adder doesn't have a timescale but at least one module in design has a timescale.
WARNING: [XSIM 43-4099] "C:/Users/User/Desktop/sophomore_2nd_semester/Computer Organization/homework/110550126_hw2/HW2/MUX.v" Line 15. Module MUX_2bit doesn't have a timescale but at least one module in design has a timescale.
WARNING: [XSIM 43-4099] "C:/Users/User/Desktop/sophomore_2nd_semester/Computer Organization/homework/110550126_hw2/HW2/ALU_1bit.v" Line 3. Module ALU_1bit doesn't have a timescale but at least one module in design has a timescale.
WARNING: [XSIM 43-4099] "C:/Users/User/Desktop/sophomore_2nd_semester/Computer Organization/homework/110550126_hw2/HW2/MUX.v" Line 1. Module MUX_1bit doesn't have a timescale but at least one module in design has a timescale.
WARNING: [XSIM 43-4099] "C:/Users/User/Desktop/sophomore_2nd_semester/Computer Organization/homework/110550126_hw2/HW2/MUX.v" Line 1. Module MUX_1bit doesn't have a timescale but at least one module in design has a timescale.
WARNING: [XSIM 43-4099] "C:/Users/User/Desktop/sophomore_2nd_semester/Computer Organization/homework/110550126_hw2/HW2/Full_adder.v" Line 1. Module Full_adder doesn't have a timescale but at least one module in design has a timescale.
WARNING: [XSIM 43-4099] "C:/Users/User/Desktop/sophomore_2nd_semester/Computer Organization/homework/110550126_hw2/HW2/MUX.v" Line 15. Module MUX_2bit doesn't have a timescale but at least one module in design has a timescale.
WARNING: [XSIM 43-4099] "C:/Users/User/Desktop/sophomore_2nd_semester/Computer Organization/homework/110550126_hw2/HW2/ALU_1bit.v" Line 3. Module ALU_1bit doesn't have a timescale but at least one module in design has a timescale.
WARNING: [XSIM 43-4099] "C:/Users/User/Desktop/sophomore_2nd_semester/Computer Organization/homework/110550126_hw2/HW2/MUX.v" Line 1. Module MUX_1bit doesn't have a timescale but at least one module in design has a timescale.
WARNING: [XSIM 43-4099] "C:/Users/User/Desktop/sophomore_2nd_semester/Computer Organization/homework/110550126_hw2/HW2/MUX.v" Line 1. Module MUX_1bit doesn't have a timescale but at least one module in design has a timescale.
WARNING: [XSIM 43-4099] "C:/Users/User/Desktop/sophomore_2nd_semester/Computer Organization/homework/110550126_hw2/HW2/Full_adder.v" Line 1. Module Full_adder doesn't have a timescale but at least one module in design has a timescale.
WARNING: [XSIM 43-4099] "C:/Users/User/Desktop/sophomore_2nd_semester/Computer Organization/homework/110550126_hw2/HW2/MUX.v" Line 15. Module MUX_2bit doesn't have a timescale but at least one module in design has a timescale.
WARNING: [XSIM 43-4099] "C:/Users/User/Desktop/sophomore_2nd_semester/Computer Organization/homework/110550126_hw2/HW2/ALU_1bit.v" Line 3. Module ALU_1bit doesn't have a timescale but at least one module in design has a timescale.
WARNING: [XSIM 43-4099] "C:/Users/User/Desktop/sophomore_2nd_semester/Computer Organization/homework/110550126_hw2/HW2/MUX.v" Line 1. Module MUX_1bit doesn't have a timescale but at least one module in design has a timescale.
WARNING: [XSIM 43-4099] "C:/Users/User/Desktop/sophomore_2nd_semester/Computer Organization/homework/110550126_hw2/HW2/MUX.v" Line 1. Module MUX_1bit doesn't have a timescale but at least one module in design has a timescale.
WARNING: [XSIM 43-4099] "C:/Users/User/Desktop/sophomore_2nd_semester/Computer Organization/homework/110550126_hw2/HW2/Full_adder.v" Line 1. Module Full_adder doesn't have a timescale but at least one module in design has a timescale.
WARNING: [XSIM 43-4099] "C:/Users/User/Desktop/sophomore_2nd_semester/Computer Organization/homework/110550126_hw2/HW2/MUX.v" Line 15. Module MUX_2bit doesn't have a timescale but at least one module in design has a timescale.
WARNING: [XSIM 43-4099] "C:/Users/User/Desktop/sophomore_2nd_semester/Computer Organization/homework/110550126_hw2/HW2/ALU_1bit.v" Line 3. Module ALU_1bit doesn't have a timescale but at least one module in design has a timescale.
WARNING: [XSIM 43-4099] "C:/Users/User/Desktop/sophomore_2nd_semester/Computer Organization/homework/110550126_hw2/HW2/MUX.v" Line 1. Module MUX_1bit doesn't have a timescale but at least one module in design has a timescale.
WARNING: [XSIM 43-4099] "C:/Users/User/Desktop/sophomore_2nd_semester/Computer Organization/homework/110550126_hw2/HW2/MUX.v" Line 1. Module MUX_1bit doesn't have a timescale but at least one module in design has a timescale.
WARNING: [XSIM 43-4099] "C:/Users/User/Desktop/sophomore_2nd_semester/Computer Organization/homework/110550126_hw2/HW2/Full_adder.v" Line 1. Module Full_adder doesn't have a timescale but at least one module in design has a timescale.
INFO: [Common 17-14] Message 'XSIM 43-4099' appears 100 times and further instances of the messages will be disabled. Use the Tcl command set_msg_config to change the current settings.
Completed simulation data flow analysis
Time Resolution for simulation is 1ps
Compiling module xil_defaultlib.MUX_1bit
Compiling module xil_defaultlib.Full_adder
Compiling module xil_defaultlib.MUX_2bit
Compiling module xil_defaultlib.ALU_1bit
Compiling module xil_defaultlib.ALU_1bit_bottom
Compiling module xil_defaultlib.ALU_default
Compiling module xil_defaultlib.Shifter
Compiling module xil_defaultlib.TestBench
Compiling module xil_defaultlib.glbl
Built simulation snapshot TestBench_behav
